Determining if the pthread_create exist failed with the following output:
Change Dir: /home/clarissa/catkin_ws/build/CMakeFiles/CMakeTmp

Run Build Command:/usr/bin/make "cmTryCompileExec1427412411/fast"
/usr/bin/make -f CMakeFiles/cmTryCompileExec1427412411.dir/build.make CMakeFiles/cmTryCompileExec1427412411.dir/build
make[1]: Entering directory `/home/clarissa/catkin_ws/build/CMakeFiles/CMakeTmp'
/usr/bin/cmake -E cmake_progress_report /home/clarissa/catkin_ws/build/CMakeFiles/CMakeTmp/CMakeFiles 1
Building C object CMakeFiles/cmTryCompileExec1427412411.dir/CheckSymbolExists.c.o
/usr/bin/cc    -o CMakeFiles/cmTryCompileExec1427412411.dir/CheckSymbolExists.c.o   -c /home/clarissa/catkin_ws/build/CMakeFiles/CMakeTmp/CheckSymbolExists.c
Linking C executable cmTryCompileExec1427412411
/usr/bin/cmake -E cmake_link_script CMakeFiles/cmTryCompileExec1427412411.dir/link.txt --verbose=1
/usr/bin/cc       CMakeFiles/cmTryCompileExec1427412411.dir/CheckSymbolExists.c.o  -o cmTryCompileExec1427412411 -rdynamic 
CMakeFiles/cmTryCompileExec1427412411.dir/CheckSymbolExists.c.o: In function `main':
CheckSymbolExists.c:(.text+0x16): undefined reference to `pthread_create'
collect2: error: ld returned 1 exit status
make[1]: *** [cmTryCompileExec1427412411] Error 1
make[1]: Leaving directory `/home/clarissa/catkin_ws/build/CMakeFiles/CMakeTmp'
make: *** [cmTryCompileExec1427412411/fast] Error 2

File /home/clarissa/catkin_ws/build/CMakeFiles/CMakeTmp/CheckSymbolExists.c:
/* */
#include <pthread.h>

int main(int argc, char** argv)
{
  (void)argv;
#ifndef pthread_create
  return ((int*)(&pthread_create))[argc];
#else
  (void)argc;
  return 0;
#endif
}

Determining if the function pthread_create exists in the pthreads failed with the following output:
Change Dir: /home/clarissa/catkin_ws/build/CMakeFiles/CMakeTmp

Run Build Command:/usr/bin/make "cmTryCompileExec2056788407/fast"
/usr/bin/make -f CMakeFiles/cmTryCompileExec2056788407.dir/build.make CMakeFiles/cmTryCompileExec2056788407.dir/build
make[1]: Entering directory `/home/clarissa/catkin_ws/build/CMakeFiles/CMakeTmp'
/usr/bin/cmake -E cmake_progress_report /home/clarissa/catkin_ws/build/CMakeFiles/CMakeTmp/CMakeFiles 1
Building C object CMakeFiles/cmTryCompileExec2056788407.dir/CheckFunctionExists.c.o
/usr/bin/cc   -DCHECK_FUNCTION_EXISTS=pthread_create   -o CMakeFiles/cmTryCompileExec2056788407.dir/CheckFunctionExists.c.o   -c /usr/share/cmake-2.8/Modules/CheckFunctionExists.c
Linking C executable cmTryCompileExec2056788407
/usr/bin/cmake -E cmake_link_script CMakeFiles/cmTryCompileExec2056788407.dir/link.txt --verbose=1
/usr/bin/cc   -DCHECK_FUNCTION_EXISTS=pthread_create    CMakeFiles/cmTryCompileExec2056788407.dir/CheckFunctionExists.c.o  -o cmTryCompileExec2056788407 -rdynamic -lpthreads 
/usr/bin/ld: cannot find -lpthreads
collect2: error: ld returned 1 exit status
make[1]: *** [cmTryCompileExec2056788407] Error 1
make[1]: Leaving directory `/home/clarissa/catkin_ws/build/CMakeFiles/CMakeTmp'
make: *** [cmTryCompileExec2056788407/fast] Error 2


